;  LST file generated by mikroListExporter - v.2.0 
; Date/Time: 14/06/2016 08:59:09 p. m.
;----------------------------------------------

;Address Opcode 	ASM
0x0000	0x285C      	GOTO       92
_Delay_500us:
;__Lib_Delays.c,27 :: 		void Delay_500us() {
;__Lib_Delays.c,28 :: 		Delay_us(498);
0x0003	0x3002      	MOVLW      2
0x0004	0x1283      	BCF        STATUS, 5
0x0005	0x1303      	BCF        STATUS, 6
0x0006	0x00FC      	MOVWF      R12
0x0007	0x3049      	MOVLW      73
0x0008	0x00FD      	MOVWF      R13
L_Delay_500us4:
0x0009	0x0BFD      	DECFSZ     R13, 1
0x000A	0x2809      	GOTO       L_Delay_500us4
0x000B	0x0BFC      	DECFSZ     R12, 1
0x000C	0x2809      	GOTO       L_Delay_500us4
0x000D	0x0000      	NOP
0x000E	0x0000      	NOP
;__Lib_Delays.c,29 :: 		}
L_end_Delay_500us:
0x000F	0x0008      	RETURN
; end of _Delay_500us
_____DoICP:
;__Lib_System.c,6 :: 		
;__Lib_System.c,9 :: 		
0x0010	0x1283      	BCF        STATUS, 5
0x0011	0x1303      	BCF        STATUS, 6
0x0012	0x0824      	MOVF       ___DoICPAddr+1, 0
0x0013	0x008A      	MOVWF      PCLATH
;__Lib_System.c,10 :: 		
0x0014	0x0823      	MOVF       ___DoICPAddr, 0
0x0015	0x0082      	MOVWF      PCL
;__Lib_System.c,12 :: 		
L_end_____DoICP:
0x0016	0x0008      	RETURN
; end of _____DoICP
___CC2DW:
;__Lib_System.c,134 :: 		
;__Lib_System.c,137 :: 		
_CC2D_Loop1:
;__Lib_System.c,139 :: 		
0x0017	0x2010      	CALL       _____DoICP
0x0018	0x118A      	BCF        PCLATH, 3
0x0019	0x120A      	BCF        PCLATH, 4
;__Lib_System.c,141 :: 		
0x001A	0x0080      	MOVWF      INDF
;__Lib_System.c,142 :: 		
0x001B	0x0A84      	INCF       FSR, 1
;__Lib_System.c,143 :: 		
0x001C	0x0AA3      	INCF       ___DoICPAddr, 1
;__Lib_System.c,145 :: 		
0x001D	0x1903      	BTFSC      STATUS, 2
;__Lib_System.c,146 :: 		
0x001E	0x0AA4      	INCF       ___DoICPAddr+1, 1
;__Lib_System.c,147 :: 		
0x001F	0x03F0      	DECF       R0, 1
;__Lib_System.c,149 :: 		
0x0020	0x1D03      	BTFSS      STATUS, 2
;__Lib_System.c,150 :: 		
0x0021	0x2817      	GOTO       _CC2D_Loop1
;__Lib_System.c,152 :: 		
L_end___CC2DW:
0x0022	0x0008      	RETURN
; end of ___CC2DW
_Button:
;__Lib_Button.c,6 :: 		
;__Lib_Button.c,8 :: 		
0x0023	0x1283      	BCF        STATUS, 5
0x0024	0x1303      	BCF        STATUS, 6
0x0025	0x01AA      	CLRF       Button_rslt_L0
;__Lib_Button.c,11 :: 		
0x0026	0x0826      	MOVF       FARG_Button_pin, 0
0x0027	0x00F1      	MOVWF      R1
0x0028	0x3001      	MOVLW      1
0x0029	0x00F0      	MOVWF      R0
0x002A	0x0871      	MOVF       R1, 0
L__Button5:
0x002B	0x1903      	BTFSC      STATUS, 2
0x002C	0x2831      	GOTO       L__Button6
0x002D	0x0DF0      	RLF        R0, 1
0x002E	0x1070      	BCF        R0, 0
0x002F	0x3EFF      	ADDLW      255
0x0030	0x282B      	GOTO       L__Button5
L__Button6:
0x0031	0x0870      	MOVF       R0, 0
0x0032	0x00A9      	MOVWF      Button_pMask_L0
;__Lib_Button.c,13 :: 		
0x0033	0x0825      	MOVF       FARG_Button_port, 0
0x0034	0x0084      	MOVWF      FSR
0x0035	0x0870      	MOVF       R0, 0
0x0036	0x0500      	ANDWF      INDF, 0
0x0037	0x00F1      	MOVWF      R1
0x0038	0x0871      	MOVF       R1, 0
0x0039	0x3001      	MOVLW      1
0x003A	0x1D03      	BTFSS      STATUS, 2
0x003B	0x3000      	MOVLW      0
0x003C	0x00F0      	MOVWF      R0
0x003D	0x0828      	MOVF       FARG_Button_active_state, 0
0x003E	0x06F0      	XORWF      R0, 1
0x003F	0x1903      	BTFSC      STATUS, 2
0x0040	0x2859      	GOTO       L_Button0
;__Lib_Button.c,15 :: 		
L_Button1:
0x0041	0x0827      	MOVF       FARG_Button_time_ms, 0
0x0042	0x3C00      	SUBLW      0
0x0043	0x1803      	BTFSC      STATUS, 0
0x0044	0x2849      	GOTO       L_Button2
;__Lib_Button.c,16 :: 		
0x0045	0x2003      	CALL       _Delay_500us
;__Lib_Button.c,17 :: 		
0x0046	0x2003      	CALL       _Delay_500us
;__Lib_Button.c,18 :: 		
0x0047	0x03A7      	DECF       FARG_Button_time_ms, 1
;__Lib_Button.c,19 :: 		
0x0048	0x2841      	GOTO       L_Button1
L_Button2:
;__Lib_Button.c,21 :: 		
0x0049	0x0825      	MOVF       FARG_Button_port, 0
0x004A	0x0084      	MOVWF      FSR
0x004B	0x0829      	MOVF       Button_pMask_L0, 0
0x004C	0x0500      	ANDWF      INDF, 0
0x004D	0x00F1      	MOVWF      R1
0x004E	0x0871      	MOVF       R1, 0
0x004F	0x3001      	MOVLW      1
0x0050	0x1D03      	BTFSS      STATUS, 2
0x0051	0x3000      	MOVLW      0
0x0052	0x00F0      	MOVWF      R0
0x0053	0x0828      	MOVF       FARG_Button_active_state, 0
0x0054	0x06F0      	XORWF      R0, 1
0x0055	0x1903      	BTFSC      STATUS, 2
0x0056	0x2859      	GOTO       L_Button3
;__Lib_Button.c,22 :: 		
0x0057	0x30FF      	MOVLW      255
0x0058	0x00AA      	MOVWF      Button_rslt_L0
L_Button3:
;__Lib_Button.c,23 :: 		
L_Button0:
;__Lib_Button.c,25 :: 		
0x0059	0x082A      	MOVF       Button_rslt_L0, 0
0x005A	0x00F0      	MOVWF      R0
;__Lib_Button.c,26 :: 		
L_end_Button:
0x005B	0x0008      	RETURN
; end of _Button
_main:
0x005C	0x1283      	BCF        STATUS, 5
0x005D	0x1303      	BCF        STATUS, 6
0x005E	0x01A0      	CLRF       _oldstate
0x005F	0x3001      	MOVLW      1
0x0060	0x00A1      	MOVWF      _updown
0x0061	0x01A2      	CLRF       _cuenta
;Contador as-des con 1 boton.c,5 :: 		void main() {
;Contador as-des con 1 boton.c,6 :: 		ANSEL=0;
0x0062	0x1683      	BSF        STATUS, 5
0x0063	0x1703      	BSF        STATUS, 6
0x0064	0x0188      	CLRF       ANSEL
;Contador as-des con 1 boton.c,7 :: 		ANSELH=0;
0x0065	0x0189      	CLRF       ANSELH
;Contador as-des con 1 boton.c,8 :: 		PORTD=0;
0x0066	0x1283      	BCF        STATUS, 5
0x0067	0x1303      	BCF        STATUS, 6
0x0068	0x0188      	CLRF       PORTD
;Contador as-des con 1 boton.c,9 :: 		TRISD=0; //declaramos el puerto D como salida
0x0069	0x1683      	BSF        STATUS, 5
0x006A	0x0188      	CLRF       TRISD
;Contador as-des con 1 boton.c,10 :: 		PORTB=0;
0x006B	0x1283      	BCF        STATUS, 5
0x006C	0x0186      	CLRF       PORTB
;Contador as-des con 1 boton.c,11 :: 		TRISB.F0=1; //Declaramos PORTB.F0 como entrada
0x006D	0x1683      	BSF        STATUS, 5
0x006E	0x1406      	BSF        TRISB, 0
;Contador as-des con 1 boton.c,12 :: 		OPTION_REG.NOT_RBPU=0;
0x006F	0x1381      	BCF        OPTION_REG, 7
;Contador as-des con 1 boton.c,13 :: 		while(1){
L_main0:
;Contador as-des con 1 boton.c,14 :: 		PORTD=cuenta;  //Lo primero que haremos es imprimir en el puerto "cuenta"
0x0070	0x1283      	BCF        STATUS, 5
0x0071	0x0822      	MOVF       _cuenta, 0
0x0072	0x0088      	MOVWF      PORTD
;Contador as-des con 1 boton.c,15 :: 		if(Button(&PORTB,0,0,1)){//Si no se oprime el boton el seguro esta abierto
0x0073	0x3006      	MOVLW      PORTB
0x0074	0x00A5      	MOVWF      FARG_Button_port
0x0075	0x01A6      	CLRF       FARG_Button_pin
0x0076	0x01A7      	CLRF       FARG_Button_time_ms
0x0077	0x3001      	MOVLW      1
0x0078	0x00A8      	MOVWF      FARG_Button_active_state
0x0079	0x2023      	CALL       _Button
0x007A	0x0870      	MOVF       R0, 0
0x007B	0x1903      	BTFSC      STATUS, 2
0x007C	0x287F      	GOTO       L_main2
;Contador as-des con 1 boton.c,16 :: 		oldstate=1;
0x007D	0x3001      	MOVLW      1
0x007E	0x00A0      	MOVWF      _oldstate
;Contador as-des con 1 boton.c,17 :: 		}
L_main2:
;Contador as-des con 1 boton.c,18 :: 		if(Button(&PORTB,0,10,0)&&oldstate==1){  //Si se oprime el boton y el seguro esta abierto entonces...
0x007F	0x3006      	MOVLW      PORTB
0x0080	0x00A5      	MOVWF      FARG_Button_port
0x0081	0x01A6      	CLRF       FARG_Button_pin
0x0082	0x300A      	MOVLW      10
0x0083	0x00A7      	MOVWF      FARG_Button_time_ms
0x0084	0x01A8      	CLRF       FARG_Button_active_state
0x0085	0x2023      	CALL       _Button
0x0086	0x0870      	MOVF       R0, 0
0x0087	0x1903      	BTFSC      STATUS, 2
0x0088	0x28AB      	GOTO       L_main5
0x0089	0x0820      	MOVF       _oldstate, 0
0x008A	0x3A01      	XORLW      1
0x008B	0x1D03      	BTFSS      STATUS, 2
0x008C	0x28AB      	GOTO       L_main5
L__main10:
;Contador as-des con 1 boton.c,19 :: 		oldstate=0;  //cerramos el seguro
0x008D	0x01A0      	CLRF       _oldstate
;Contador as-des con 1 boton.c,20 :: 		if(updown==0){ //si updown=0 entonces quitamos una unidad a la cuenta
0x008E	0x0821      	MOVF       _updown, 0
0x008F	0x3A00      	XORLW      0
0x0090	0x1D03      	BTFSS      STATUS, 2
0x0091	0x2893      	GOTO       L_main6
;Contador as-des con 1 boton.c,21 :: 		cuenta--;
0x0092	0x03A2      	DECF       _cuenta, 1
;Contador as-des con 1 boton.c,22 :: 		}
L_main6:
;Contador as-des con 1 boton.c,23 :: 		if(updown==1){ //si updown=1 entonces le añadios una unidad a cuenta
0x0093	0x0821      	MOVF       _updown, 0
0x0094	0x3A01      	XORLW      1
0x0095	0x1D03      	BTFSS      STATUS, 2
0x0096	0x2898      	GOTO       L_main7
;Contador as-des con 1 boton.c,24 :: 		cuenta++;
0x0097	0x0AA2      	INCF       _cuenta, 1
;Contador as-des con 1 boton.c,25 :: 		}
L_main7:
;Contador as-des con 1 boton.c,26 :: 		if(cuenta>14){ //Si la cuenta es mayor que 14(llegara al 15) updown ahora pasara a 0 (Por lo que descendera)
0x0098	0x3080      	MOVLW      128
0x0099	0x3A0E      	XORLW      14
0x009A	0x00F0      	MOVWF      R0
0x009B	0x3080      	MOVLW      128
0x009C	0x0622      	XORWF      _cuenta, 0
0x009D	0x0270      	SUBWF      R0, 0
0x009E	0x1803      	BTFSC      STATUS, 0
0x009F	0x28A1      	GOTO       L_main8
;Contador as-des con 1 boton.c,27 :: 		updown=0;
0x00A0	0x01A1      	CLRF       _updown
;Contador as-des con 1 boton.c,28 :: 		}
L_main8:
;Contador as-des con 1 boton.c,29 :: 		if(cuenta<1){  //Si la cuenta es menor a 1(llegara al 0) updown ahora sera 1 (Por lo que ascendera)
0x00A1	0x3080      	MOVLW      128
0x00A2	0x0622      	XORWF      _cuenta, 0
0x00A3	0x00F0      	MOVWF      R0
0x00A4	0x3080      	MOVLW      128
0x00A5	0x3A01      	XORLW      1
0x00A6	0x0270      	SUBWF      R0, 0
0x00A7	0x1803      	BTFSC      STATUS, 0
0x00A8	0x28AB      	GOTO       L_main9
;Contador as-des con 1 boton.c,30 :: 		updown=1;
0x00A9	0x3001      	MOVLW      1
0x00AA	0x00A1      	MOVWF      _updown
;Contador as-des con 1 boton.c,31 :: 		}
L_main9:
;Contador as-des con 1 boton.c,32 :: 		}
L_main5:
;Contador as-des con 1 boton.c,33 :: 		}
0x00AB	0x2870      	GOTO       L_main0
;Contador as-des con 1 boton.c,34 :: 		}
L_end_main:
0x00AC	0x28AC      	GOTO       $+0
; end of _main
Symbol List:
//** Routines locations **
//ADDRESS    SIZE    PROCEDURE
//----------------------------------------------
0x0003      [13]    _Delay_500us
0x0010       [7]    _____DoICP
0x0017      [12]    ___CC2DW
0x0023      [57]    _Button
0x005C      [81]    _main
//** Variables locations ** 
//ADDRESS    SIZE    VARIABLE
//----------------------------------------------
0x0000       [1]    INDF
0x0002       [1]    PCL
0x0003       [1]    STATUS
0x0004       [1]    FSR
0x0006       [1]    PORTB
0x0008       [1]    PORTD
0x000A       [1]    PCLATH
0x0020       [1]    _oldstate
0x0021       [1]    _updown
0x0022       [1]    _cuenta
0x0023       [2]    ___DoICPAddr
0x0025       [1]    FARG_Button_port
0x0026       [1]    FARG_Button_pin
0x0027       [1]    FARG_Button_time_ms
0x0028       [1]    FARG_Button_active_state
0x0029       [1]    Button_pMask_L0
0x002A       [1]    Button_rslt_L0
0x0070       [1]    R0
0x0071       [1]    R1
0x0072       [1]    R2
0x0073       [1]    R3
0x0074       [1]    R4
0x0075       [1]    R5
0x0076       [1]    R6
0x0077       [1]    R7
0x0078       [1]    R8
0x0079       [1]    R9
0x007A       [1]    R10
0x007B       [1]    R11
0x007C       [1]    R12
0x007D       [1]    R13
0x007E       [1]    R14
0x007F       [1]    R15
0x0081       [1]    OPTION_REG
0x0086       [1]    TRISB
0x0088       [1]    TRISD
0x0188       [1]    ANSEL
0x0189       [1]    ANSELH
