;  LST file generated by mikroListExporter - v.2.0 
; Date/Time: 07/06/2016 04:38:50 p. m.
;----------------------------------------------

;Address Opcode 	ASM
0x0000	0x285C      	GOTO       92
_Delay_500us:
;__Lib_Delays.c,27 :: 		void Delay_500us() {
;__Lib_Delays.c,28 :: 		Delay_us(498);
0x0003	0x3002      	MOVLW      2
0x0004	0x1283      	BCF        STATUS, 5
0x0005	0x1303      	BCF        STATUS, 6
0x0006	0x00FC      	MOVWF      R12
0x0007	0x3049      	MOVLW      73
0x0008	0x00FD      	MOVWF      R13
L_Delay_500us4:
0x0009	0x0BFD      	DECFSZ     R13, 1
0x000A	0x2809      	GOTO       L_Delay_500us4
0x000B	0x0BFC      	DECFSZ     R12, 1
0x000C	0x2809      	GOTO       L_Delay_500us4
0x000D	0x0000      	NOP
0x000E	0x0000      	NOP
;__Lib_Delays.c,29 :: 		}
L_end_Delay_500us:
0x000F	0x0008      	RETURN
; end of _Delay_500us
_____DoICP:
;__Lib_System.c,6 :: 		
;__Lib_System.c,9 :: 		
0x0010	0x1283      	BCF        STATUS, 5
0x0011	0x1303      	BCF        STATUS, 6
0x0012	0x082D      	MOVF       ___DoICPAddr+1, 0
0x0013	0x008A      	MOVWF      PCLATH
;__Lib_System.c,10 :: 		
0x0014	0x082C      	MOVF       ___DoICPAddr, 0
0x0015	0x0082      	MOVWF      PCL
;__Lib_System.c,12 :: 		
L_end_____DoICP:
0x0016	0x0008      	RETURN
; end of _____DoICP
___CC2DW:
;__Lib_System.c,134 :: 		
;__Lib_System.c,137 :: 		
_CC2D_Loop1:
;__Lib_System.c,139 :: 		
0x0017	0x2010      	CALL       _____DoICP
0x0018	0x118A      	BCF        PCLATH, 3
0x0019	0x120A      	BCF        PCLATH, 4
;__Lib_System.c,141 :: 		
0x001A	0x0080      	MOVWF      INDF
;__Lib_System.c,142 :: 		
0x001B	0x0A84      	INCF       FSR, 1
;__Lib_System.c,143 :: 		
0x001C	0x0AAC      	INCF       ___DoICPAddr, 1
;__Lib_System.c,145 :: 		
0x001D	0x1903      	BTFSC      STATUS, 2
;__Lib_System.c,146 :: 		
0x001E	0x0AAD      	INCF       ___DoICPAddr+1, 1
;__Lib_System.c,147 :: 		
0x001F	0x03F0      	DECF       R0, 1
;__Lib_System.c,149 :: 		
0x0020	0x1D03      	BTFSS      STATUS, 2
;__Lib_System.c,150 :: 		
0x0021	0x2817      	GOTO       _CC2D_Loop1
;__Lib_System.c,152 :: 		
L_end___CC2DW:
0x0022	0x0008      	RETURN
; end of ___CC2DW
_Button:
;__Lib_Button.c,6 :: 		
;__Lib_Button.c,8 :: 		
0x0023	0x1283      	BCF        STATUS, 5
0x0024	0x1303      	BCF        STATUS, 6
0x0025	0x01B3      	CLRF       Button_rslt_L0
;__Lib_Button.c,11 :: 		
0x0026	0x082F      	MOVF       FARG_Button_pin, 0
0x0027	0x00F1      	MOVWF      R1
0x0028	0x3001      	MOVLW      1
0x0029	0x00F0      	MOVWF      R0
0x002A	0x0871      	MOVF       R1, 0
L__Button5:
0x002B	0x1903      	BTFSC      STATUS, 2
0x002C	0x2831      	GOTO       L__Button6
0x002D	0x0DF0      	RLF        R0, 1
0x002E	0x1070      	BCF        R0, 0
0x002F	0x3EFF      	ADDLW      255
0x0030	0x282B      	GOTO       L__Button5
L__Button6:
0x0031	0x0870      	MOVF       R0, 0
0x0032	0x00B2      	MOVWF      Button_pMask_L0
;__Lib_Button.c,13 :: 		
0x0033	0x082E      	MOVF       FARG_Button_port, 0
0x0034	0x0084      	MOVWF      FSR
0x0035	0x0870      	MOVF       R0, 0
0x0036	0x0500      	ANDWF      INDF, 0
0x0037	0x00F1      	MOVWF      R1
0x0038	0x0871      	MOVF       R1, 0
0x0039	0x3001      	MOVLW      1
0x003A	0x1D03      	BTFSS      STATUS, 2
0x003B	0x3000      	MOVLW      0
0x003C	0x00F0      	MOVWF      R0
0x003D	0x0831      	MOVF       FARG_Button_active_state, 0
0x003E	0x06F0      	XORWF      R0, 1
0x003F	0x1903      	BTFSC      STATUS, 2
0x0040	0x2859      	GOTO       L_Button0
;__Lib_Button.c,15 :: 		
L_Button1:
0x0041	0x0830      	MOVF       FARG_Button_time_ms, 0
0x0042	0x3C00      	SUBLW      0
0x0043	0x1803      	BTFSC      STATUS, 0
0x0044	0x2849      	GOTO       L_Button2
;__Lib_Button.c,16 :: 		
0x0045	0x2003      	CALL       _Delay_500us
;__Lib_Button.c,17 :: 		
0x0046	0x2003      	CALL       _Delay_500us
;__Lib_Button.c,18 :: 		
0x0047	0x03B0      	DECF       FARG_Button_time_ms, 1
;__Lib_Button.c,19 :: 		
0x0048	0x2841      	GOTO       L_Button1
L_Button2:
;__Lib_Button.c,21 :: 		
0x0049	0x082E      	MOVF       FARG_Button_port, 0
0x004A	0x0084      	MOVWF      FSR
0x004B	0x0832      	MOVF       Button_pMask_L0, 0
0x004C	0x0500      	ANDWF      INDF, 0
0x004D	0x00F1      	MOVWF      R1
0x004E	0x0871      	MOVF       R1, 0
0x004F	0x3001      	MOVLW      1
0x0050	0x1D03      	BTFSS      STATUS, 2
0x0051	0x3000      	MOVLW      0
0x0052	0x00F0      	MOVWF      R0
0x0053	0x0831      	MOVF       FARG_Button_active_state, 0
0x0054	0x06F0      	XORWF      R0, 1
0x0055	0x1903      	BTFSC      STATUS, 2
0x0056	0x2859      	GOTO       L_Button3
;__Lib_Button.c,22 :: 		
0x0057	0x30FF      	MOVLW      255
0x0058	0x00B3      	MOVWF      Button_rslt_L0
L_Button3:
;__Lib_Button.c,23 :: 		
L_Button0:
;__Lib_Button.c,25 :: 		
0x0059	0x0833      	MOVF       Button_rslt_L0, 0
0x005A	0x00F0      	MOVWF      R0
;__Lib_Button.c,26 :: 		
L_end_Button:
0x005B	0x0008      	RETURN
; end of _Button
_main:
0x005C	0x1283      	BCF        STATUS, 5
0x005D	0x1303      	BCF        STATUS, 6
0x005E	0x01A0      	CLRF       _contador
0x005F	0x01A1      	CLRF       _oldstate
0x0060	0x30FA      	MOVLW      250
0x0061	0x00A2      	MOVWF      _numero
0x0062	0x3022      	MOVLW      34
0x0063	0x00A3      	MOVWF      35
0x0064	0x30B9      	MOVLW      185
0x0065	0x00A4      	MOVWF      36
0x0066	0x30AB      	MOVLW      171
0x0067	0x00A5      	MOVWF      37
0x0068	0x3063      	MOVLW      99
0x0069	0x00A6      	MOVWF      38
0x006A	0x30CB      	MOVLW      203
0x006B	0x00A7      	MOVWF      39
0x006C	0x30DB      	MOVLW      219
0x006D	0x00A8      	MOVWF      40
0x006E	0x30A2      	MOVLW      162
0x006F	0x00A9      	MOVWF      41
0x0070	0x30FB      	MOVLW      251
0x0071	0x00AA      	MOVWF      42
0x0072	0x30E3      	MOVLW      227
0x0073	0x00AB      	MOVWF      43
;Contador 0-9.c,4 :: 		void main() {
;Contador 0-9.c,5 :: 		ANSEL=0; //desactivamos salidas analogicas
0x0074	0x1683      	BSF        STATUS, 5
0x0075	0x1703      	BSF        STATUS, 6
0x0076	0x0188      	CLRF       ANSEL
;Contador 0-9.c,6 :: 		ANSELH=0;
0x0077	0x0189      	CLRF       ANSELH
;Contador 0-9.c,7 :: 		TRISD=0; //Declaramos puerto D como salida
0x0078	0x1303      	BCF        STATUS, 6
0x0079	0x0188      	CLRF       TRISD
;Contador 0-9.c,8 :: 		PORTD=0;
0x007A	0x1283      	BCF        STATUS, 5
0x007B	0x0188      	CLRF       PORTD
;Contador 0-9.c,9 :: 		PORTB=0;
0x007C	0x0186      	CLRF       PORTB
;Contador 0-9.c,10 :: 		TRISB=0;
0x007D	0x1683      	BSF        STATUS, 5
0x007E	0x0186      	CLRF       TRISB
;Contador 0-9.c,12 :: 		TRISB.F0=1;
0x007F	0x1406      	BSF        TRISB, 0
;Contador 0-9.c,14 :: 		TRISC.F0=0;
0x0080	0x1007      	BCF        TRISC, 0
;Contador 0-9.c,15 :: 		TRISC.F1=0;
0x0081	0x1087      	BCF        TRISC, 1
;Contador 0-9.c,16 :: 		TRISC.F2=0;
0x0082	0x1107      	BCF        TRISC, 2
;Contador 0-9.c,17 :: 		TRISC.F3=0;
0x0083	0x1187      	BCF        TRISC, 3
;Contador 0-9.c,19 :: 		PORTC.F0=1;
0x0084	0x1283      	BCF        STATUS, 5
0x0085	0x1407      	BSF        PORTC, 0
;Contador 0-9.c,20 :: 		PORTC.F1=1;
0x0086	0x1487      	BSF        PORTC, 1
;Contador 0-9.c,21 :: 		PORTC.F2=1;
0x0087	0x1507      	BSF        PORTC, 2
;Contador 0-9.c,22 :: 		PORTC.F3=0; //solo el display 4 prendera
0x0088	0x1187      	BCF        PORTC, 3
;Contador 0-9.c,23 :: 		OPTION_REG.NOT_RBPU=0;
0x0089	0x1683      	BSF        STATUS, 5
0x008A	0x1381      	BCF        OPTION_REG, 7
;Contador 0-9.c,24 :: 		while(1){
L_main0:
;Contador 0-9.c,25 :: 		PORTD=numero[contador];
0x008B	0x1283      	BCF        STATUS, 5
0x008C	0x0820      	MOVF       _contador, 0
0x008D	0x3E22      	ADDLW      _numero
0x008E	0x0084      	MOVWF      FSR
0x008F	0x0800      	MOVF       INDF, 0
0x0090	0x0088      	MOVWF      PORTD
;Contador 0-9.c,26 :: 		if(Button(&PORTB,0,0,1)){
0x0091	0x3006      	MOVLW      PORTB
0x0092	0x00AE      	MOVWF      FARG_Button_port
0x0093	0x01AF      	CLRF       FARG_Button_pin
0x0094	0x01B0      	CLRF       FARG_Button_time_ms
0x0095	0x3001      	MOVLW      1
0x0096	0x00B1      	MOVWF      FARG_Button_active_state
0x0097	0x2023      	CALL       _Button
0x0098	0x0870      	MOVF       R0, 0
0x0099	0x1903      	BTFSC      STATUS, 2
0x009A	0x289D      	GOTO       L_main2
;Contador 0-9.c,27 :: 		oldstate=1;
0x009B	0x3001      	MOVLW      1
0x009C	0x00A1      	MOVWF      _oldstate
;Contador 0-9.c,28 :: 		}
L_main2:
;Contador 0-9.c,29 :: 		if(Button(&PORTB,0,10,0)&&oldstate==1){
0x009D	0x3006      	MOVLW      PORTB
0x009E	0x00AE      	MOVWF      FARG_Button_port
0x009F	0x01AF      	CLRF       FARG_Button_pin
0x00A0	0x300A      	MOVLW      10
0x00A1	0x00B0      	MOVWF      FARG_Button_time_ms
0x00A2	0x01B1      	CLRF       FARG_Button_active_state
0x00A3	0x2023      	CALL       _Button
0x00A4	0x0870      	MOVF       R0, 0
0x00A5	0x1903      	BTFSC      STATUS, 2
0x00A6	0x28B6      	GOTO       L_main5
0x00A7	0x0821      	MOVF       _oldstate, 0
0x00A8	0x3A01      	XORLW      1
0x00A9	0x1D03      	BTFSS      STATUS, 2
0x00AA	0x28B6      	GOTO       L_main5
L__main7:
;Contador 0-9.c,30 :: 		oldstate=0;
0x00AB	0x01A1      	CLRF       _oldstate
;Contador 0-9.c,31 :: 		contador++;
0x00AC	0x0AA0      	INCF       _contador, 1
;Contador 0-9.c,32 :: 		if(contador>9){
0x00AD	0x3080      	MOVLW      128
0x00AE	0x3A09      	XORLW      9
0x00AF	0x00F0      	MOVWF      R0
0x00B0	0x3080      	MOVLW      128
0x00B1	0x0620      	XORWF      _contador, 0
0x00B2	0x0270      	SUBWF      R0, 0
0x00B3	0x1803      	BTFSC      STATUS, 0
0x00B4	0x28B6      	GOTO       L_main6
;Contador 0-9.c,33 :: 		contador=0;
0x00B5	0x01A0      	CLRF       _contador
;Contador 0-9.c,34 :: 		}
L_main6:
;Contador 0-9.c,35 :: 		}
L_main5:
;Contador 0-9.c,36 :: 		}
0x00B6	0x288B      	GOTO       L_main0
;Contador 0-9.c,37 :: 		}
L_end_main:
0x00B7	0x28B7      	GOTO       $+0
; end of _main
Symbol List:
//** Routines locations **
//ADDRESS    SIZE    PROCEDURE
//----------------------------------------------
0x0003      [13]    _Delay_500us
0x0010       [7]    _____DoICP
0x0017      [12]    ___CC2DW
0x0023      [57]    _Button
0x005C      [92]    _main
//** Variables locations ** 
//ADDRESS    SIZE    VARIABLE
//----------------------------------------------
0x0000       [1]    INDF
0x0002       [1]    PCL
0x0003       [1]    STATUS
0x0004       [1]    FSR
0x0006       [1]    PORTB
0x0007       [1]    PORTC
0x0008       [1]    PORTD
0x000A       [1]    PCLATH
0x0020       [1]    _contador
0x0021       [1]    _oldstate
0x0022      [10]    _numero
0x002C       [2]    ___DoICPAddr
0x002E       [1]    FARG_Button_port
0x002F       [1]    FARG_Button_pin
0x0030       [1]    FARG_Button_time_ms
0x0031       [1]    FARG_Button_active_state
0x0032       [1]    Button_pMask_L0
0x0033       [1]    Button_rslt_L0
0x0070       [1]    R0
0x0071       [1]    R1
0x0072       [1]    R2
0x0073       [1]    R3
0x0074       [1]    R4
0x0075       [1]    R5
0x0076       [1]    R6
0x0077       [1]    R7
0x0078       [1]    R8
0x0079       [1]    R9
0x007A       [1]    R10
0x007B       [1]    R11
0x007C       [1]    R12
0x007D       [1]    R13
0x007E       [1]    R14
0x007F       [1]    R15
0x0081       [1]    OPTION_REG
0x0086       [1]    TRISB
0x0087       [1]    TRISC
0x0088       [1]    TRISD
0x0188       [1]    ANSEL
0x0189       [1]    ANSELH
